<?xml version="1.0" encoding="UTF-8"?>
<testsuite name="com.bridgelabz.CabInvoiceGeneratorTest" tests="2" skipped="0" failures="0" errors="0" timestamp="2022-07-22T17:27:12" hostname="KISALAY" time="0.019">
  <properties/>
  <testcase name="whenGivenMultipleFaresShouldReturnAggregateTotalFare()" classname="com.bridgelabz.CabInvoiceGeneratorTest" time="0.018"/>
  <testcase name="whenGivenDistanceAndTimeShouldReturnTotalFare()" classname="com.bridgelabz.CabInvoiceGeneratorTest" time="0.001"/>
  <system-out><![CDATA[]]></system-out>
  <system-err><![CDATA[]]></system-err>
</testsuite>
