<?xml version="1.0" encoding="UTF-8"?>
<testsuite name="com.bridgelabz.CabInvoiceGeneratorTest" tests="1" skipped="0" failures="0" errors="0" timestamp="2022-07-22T17:12:54" hostname="KISALAY" time="0.017">
  <properties/>
  <testcase name="whenGivenDistanceAndTimeShouldReturnTotalFare()" classname="com.bridgelabz.CabInvoiceGeneratorTest" time="0.017"/>
  <system-out><![CDATA[]]></system-out>
  <system-err><![CDATA[]]></system-err>
</testsuite>
